# JRE version: OpenJDK Runtime Environment (17.0.7) (build 17.0.7+0-b2043.56-10550314)
# Java VM: OpenJDK 64-Bit Server VM (17.0.7+0-b2043.56-10550314, mixed mode, tiered, compressed oops, compressed class ptrs, g1 gc, windows-amd64)
GC Precious Log:
 CPUs: 16 total, 16 available
 Memory: 15773M
 Large Page Support: Disabled
 NUMA Support: Disabled
 Compressed Oops: Enabled (32-bit)
 Heap Region Size: 1M
 Heap Min Capacity: 8M
 Heap Initial Capacity: 248M
 Heap Max Capacity: 2G
 Pre-touch: Disabled
 Parallel Workers: 13
 Concurrent Workers: 3
 Concurrent Refinement Workers: 13
 Periodic GC: Disabled
Heap:
 garbage-first heap   total 342016K, used 151336K [0x0000000080000000, 0x0000000100000000)
  region size 1024K, 10 young (10240K), 10 survivors (10240K)
 Metaspace       used 151866K, committed 152896K, reserved 1245184K
  class space    used 21289K, committed 21824K, reserved 1048576K
GC Heap History (20 events):
Event: 399.971 GC heap after
{Heap after GC invocations=69 (full 0):
 garbage-first heap   total 257024K, used 178216K [0x0000000080000000, 0x0000000100000000)
  region size 1024K, 5 young (5120K), 5 survivors (5120K)
 Metaspace       used 151144K, committed 152192K, reserved 1179648K
  class space    used 21295K, committed 21760K, reserved 1048576K
}
Event: 400.141 GC heap before
{Heap before GC invocations=69 (full 0):
 garbage-first heap   total 257024K, used 226344K [0x0000000080000000, 0x0000000100000000)
  region size 1024K, 35 young (35840K), 5 survivors (5120K)
 Metaspace       used 151200K, committed 152256K, reserved 1179648K
  class space    used 21298K, committed 21824K, reserved 1048576K
}
Event: 400.145 GC heap after
{Heap after GC invocations=70 (full 0):
 garbage-first heap   total 257024K, used 193037K [0x0000000080000000, 0x0000000100000000)
  region size 1024K, 1 young (1024K), 1 survivors (1024K)
 Metaspace       used 151200K, committed 152256K, reserved 1179648K
  class space    used 21298K, committed 21824K, reserved 1048576K
}
Event: 400.149 GC heap before
{Heap before GC invocations=70 (full 0):
 garbage-first heap   total 257024K, used 203277K [0x0000000080000000, 0x0000000100000000)
  region size 1024K, 2 young (2048K), 1 survivors (1024K)
 Metaspace       used 151200K, committed 152256K, reserved 1179648K
  class space    used 21298K, committed 21824K, reserved 1048576K
}
Event: 400.152 GC heap after
{Heap after GC invocations=71 (full 0):
 garbage-first heap   total 329728K, used 203107K [0x0000000080000000, 0x0000000100000000)
  region size 1024K, 1 young (1024K), 1 survivors (1024K)
 Metaspace       used 151200K, committed 152256K, reserved 1179648K
  class space    used 21298K, committed 21824K, reserved 1048576K
}
Event: 400.155 GC heap before
{Heap before GC invocations=71 (full 0):
 garbage-first heap   total 329728K, used 207203K [0x0000000080000000, 0x0000000100000000)
  region size 1024K, 2 young (2048K), 1 survivors (1024K)
 Metaspace       used 151200K, committed 152256K, reserved 1179648K
  class space    used 21298K, committed 21824K, reserved 1048576K
}
Event: 400.158 GC heap after
{Heap after GC invocations=72 (full 0):
 garbage-first heap   total 329728K, used 207126K [0x0000000080000000, 0x0000000100000000)
  region size 1024K, 1 young (1024K), 1 survivors (1024K)
 Metaspace       used 151200K, committed 152256K, reserved 1179648K
  class space    used 21298K, committed 21824K, reserved 1048576K
}
Event: 445.480 GC heap before
{Heap before GC invocations=73 (full 0):
 garbage-first heap   total 342016K, used 278806K [0x0000000080000000, 0x0000000100000000)
  region size 1024K, 75 young (76800K), 1 survivors (1024K)
 Metaspace       used 151234K, committed 152320K, reserved 1179648K
  class space    used 21240K, committed 21824K, reserved 1048576K
}
Event: 445.489 GC heap after
{Heap after GC invocations=74 (full 0):
 garbage-first heap   total 342016K, used 178878K [0x0000000080000000, 0x0000000100000000)
  region size 1024K, 10 young (10240K), 10 survivors (10240K)
 Metaspace       used 151234K, committed 152320K, reserved 1179648K
  class space    used 21240K, committed 21824K, reserved 1048576K
}
Event: 445.503 GC heap before
{Heap before GC invocations=74 (full 0):
 garbage-first heap   total 342016K, used 185022K [0x0000000080000000, 0x0000000100000000)
  region size 1024K, 16 young (16384K), 10 survivors (10240K)
 Metaspace       used 151236K, committed 152320K, reserved 1179648K
  class space    used 21240K, committed 21824K, reserved 1048576K
}
Event: 445.513 GC heap after
{Heap after GC invocations=75 (full 0):
 garbage-first heap   total 342016K, used 150764K [0x0000000080000000, 0x0000000100000000)
  region size 1024K, 2 young (2048K), 2 survivors (2048K)
 Metaspace       used 151236K, committed 152320K, reserved 1179648K
  class space    used 21240K, committed 21824K, reserved 1048576K
}
Event: 445.580 GC heap before
{Heap before GC invocations=75 (full 0):
 garbage-first heap   total 342016K, used 165100K [0x0000000080000000, 0x0000000100000000)
  region size 1024K, 16 young (16384K), 2 survivors (2048K)
 Metaspace       used 151241K, committed 152320K, reserved 1179648K
  class space    used 21240K, committed 21824K, reserved 1048576K
}
Event: 445.588 GC heap after
{Heap after GC invocations=76 (full 0):
 garbage-first heap   total 342016K, used 151315K [0x0000000080000000, 0x0000000100000000)
  region size 1024K, 2 young (2048K), 2 survivors (2048K)
 Metaspace       used 151241K, committed 152320K, reserved 1179648K
  class space    used 21240K, committed 21824K, reserved 1048576K
}
Event: 445.607 GC heap before
{Heap before GC invocations=76 (full 0):
 garbage-first heap   total 342016K, used 155411K [0x0000000080000000, 0x0000000100000000)
  region size 1024K, 7 young (7168K), 2 survivors (2048K)
 Metaspace       used 151241K, committed 152320K, reserved 1179648K
  class space    used 21240K, committed 21824K, reserved 1048576K
}
Event: 445.612 GC heap after
{Heap after GC invocations=77 (full 0):
 garbage-first heap   total 342016K, used 155115K [0x0000000080000000, 0x0000000100000000)
  region size 1024K, 6 young (6144K), 6 survivors (6144K)
 Metaspace       used 151241K, committed 152320K, reserved 1179648K
  class space    used 21240K, committed 21824K, reserved 1048576K
}
Event: 446.735 GC heap before
{Heap before GC invocations=78 (full 0):
 garbage-first heap   total 342016K, used 237035K [0x0000000080000000, 0x0000000100000000)
  region size 1024K, 72 young (73728K), 6 survivors (6144K)
 Metaspace       used 151463K, committed 152512K, reserved 1179648K
  class space    used 21254K, committed 21824K, reserved 1048576K
}
Event: 446.742 GC heap after
{Heap after GC invocations=79 (full 0):
 garbage-first heap   total 342016K, used 157492K [0x0000000080000000, 0x0000000100000000)
  region size 1024K, 9 young (9216K), 9 survivors (9216K)
 Metaspace       used 151463K, committed 152512K, reserved 1179648K
  class space    used 21254K, committed 21824K, reserved 1048576K
}
Event: 446.852 GC heap before
{Heap before GC invocations=79 (full 0):
 garbage-first heap   total 342016K, used 203572K [0x0000000080000000, 0x0000000100000000)
  region size 1024K, 16 young (16384K), 9 survivors (9216K)
 Metaspace       used 151476K, committed 152512K, reserved 1179648K
  class space    used 21254K, committed 21824K, reserved 1048576K
}
Event: 446.857 GC heap after
{Heap after GC invocations=80 (full 0):
 garbage-first heap   total 342016K, used 143168K [0x0000000080000000, 0x0000000100000000)
  region size 1024K, 2 young (2048K), 2 survivors (2048K)
 Metaspace       used 151476K, committed 152512K, reserved 1179648K
  class space    used 21254K, committed 21824K, reserved 1048576K
}
Event: 565.959 GC heap before
{Heap before GC invocations=80 (full 0):
 garbage-first heap   total 342016K, used 217920K [0x0000000080000000, 0x0000000100000000)
  region size 1024K, 77 young (78848K), 2 survivors (2048K)
 Metaspace       used 151866K, committed 152896K, reserved 1245184K
  class space    used 21289K, committed 21824K, reserved 1048576K
}

